<?xml version="1.0" encoding="UTF-8"?>
<!-- Generated by org.testng.reporters.JUnitXMLReporter -->
<testsuite ignored="0" hostname="DESKTOP-4CVSFD9" failures="1" tests="1" name="Default test" time="32.093" errors="0" timestamp="2023-03-18T21:58:01 IST">
  <testcase classname="io.cucumber.testng.AbstractTestNGCucumberTests" name="runScenario" time="16.857">
    <failure type="java.lang.NullPointerException" message="Cannot invoke &amp;quot;org.openqa.selenium.WebDriver.getTitle()&amp;quot; because &amp;quot;this.driver&amp;quot; is null">
      <![CDATA[java.lang.NullPointerException: Cannot invoke "org.openqa.selenium.WebDriver.getTitle()" because "this.driver" is null
at stepdefinition.LumaStepDefinition.user_navigate_to_url(LumaStepDefinition.java:24)
at ✽.user navigate to url "https://magento.softwaretestingboard.com/"(file:///C:/Users/Admin/eclipse-workspace/Selenium_Cumcumber/src/test/resources/Features/Luma.feature:5)
]]>
    </failure>
  </testcase> <!-- runScenario -->
</testsuite> <!-- Default test -->
