<?xml version="1.0" encoding="UTF-8"?>
<testng-results ignored="0" total="5" passed="5" failed="0" skipped="0">
  <reporter-output>
  </reporter-output>
  <suite started-at="2023-03-23T10:45:48 IST" name="Default suite" finished-at="2023-03-23T10:46:25 IST" duration-ms="36698">
    <groups>
      <group name="cucumber">
        <method signature="AbstractTestNGCucumberTests.runScenario(io.cucumber.testng.PickleWrapper,io.cucumber.testng.FeatureWrapper)[pri:0, instance:Runner.RshettyRunner@4f80542f]" name="runScenario" class="io.cucumber.testng.AbstractTestNGCucumberTests"/>
      </group> <!-- cucumber -->
    </groups>
    <test started-at="2023-03-23T10:45:48 IST" name="Default test" finished-at="2023-03-23T10:46:25 IST" duration-ms="36698">
      <class name="Runner.RshettyRunner">
        <test-method is-config="true" signature="setUpClass(org.testng.ITestContext)[pri:0, instance:Runner.RshettyRunner@4f80542f]" started-at="2023-03-23T10:45:48 IST" name="setUpClass" finished-at="2023-03-23T10:45:49 IST" duration-ms="790" status="PASS">
          <params>
            <param index="0">
              <value>
                <![CDATA[org.testng.TestRunner@4f7c0be3]]>
              </value>
            </param>
          </params>
          <reporter-output>
          </reporter-output>
        </test-method> <!-- setUpClass -->
        <test-method signature="runScenario(io.cucumber.testng.PickleWrapper,io.cucumber.testng.FeatureWrapper)[pri:0, instance:Runner.RshettyRunner@4f80542f]" started-at="2023-03-23T10:45:49 IST" name="runScenario" description="Runs Cucumber Scenarios" data-provider="scenarios" finished-at="2023-03-23T10:46:14 IST" duration-ms="25485" status="PASS">
          <params>
            <param index="0">
              <value>
                <![CDATA["testing radio button"]]>
              </value>
            </param>
            <param index="1">
              <value>
                <![CDATA["testing rahul shetty's practice page"]]>
              </value>
            </param>
          </params>
          <reporter-output>
          </reporter-output>
        </test-method> <!-- runScenario -->
        <test-method signature="runScenario(io.cucumber.testng.PickleWrapper,io.cucumber.testng.FeatureWrapper)[pri:0, instance:Runner.RshettyRunner@4f80542f]" started-at="2023-03-23T10:45:49 IST" name="runScenario" description="Runs Cucumber Scenarios" data-provider="scenarios" finished-at="2023-03-23T10:46:14 IST" duration-ms="25386" status="PASS">
          <params>
            <param index="0">
              <value>
                <![CDATA["testing dropdown"]]>
              </value>
            </param>
            <param index="1">
              <value>
                <![CDATA["testing rahul shetty's practice page"]]>
              </value>
            </param>
          </params>
          <reporter-output>
          </reporter-output>
        </test-method> <!-- runScenario -->
        <test-method signature="runScenario(io.cucumber.testng.PickleWrapper,io.cucumber.testng.FeatureWrapper)[pri:0, instance:Runner.RshettyRunner@4f80542f]" started-at="2023-03-23T10:45:49 IST" name="runScenario" description="Runs Cucumber Scenarios" data-provider="scenarios" finished-at="2023-03-23T10:46:14 IST" duration-ms="24770" status="PASS">
          <params>
            <param index="0">
              <value>
                <![CDATA["checking alert present on practice page"]]>
              </value>
            </param>
            <param index="1">
              <value>
                <![CDATA["testing rahul shetty's practice page"]]>
              </value>
            </param>
          </params>
          <reporter-output>
          </reporter-output>
        </test-method> <!-- runScenario -->
        <test-method signature="runScenario(io.cucumber.testng.PickleWrapper,io.cucumber.testng.FeatureWrapper)[pri:0, instance:Runner.RshettyRunner@4f80542f]" started-at="2023-03-23T10:45:49 IST" name="runScenario" description="Runs Cucumber Scenarios" data-provider="scenarios" finished-at="2023-03-23T10:46:22 IST" duration-ms="33496" status="PASS">
          <params>
            <param index="0">
              <value>
                <![CDATA["checking window handle in Rahul Shetty's pracrice page"]]>
              </value>
            </param>
            <param index="1">
              <value>
                <![CDATA["testing rahul shetty's practice page"]]>
              </value>
            </param>
          </params>
          <reporter-output>
          </reporter-output>
        </test-method> <!-- runScenario -->
        <test-method signature="runScenario(io.cucumber.testng.PickleWrapper,io.cucumber.testng.FeatureWrapper)[pri:0, instance:Runner.RshettyRunner@4f80542f]" started-at="2023-03-23T10:45:49 IST" name="runScenario" description="Runs Cucumber Scenarios" data-provider="scenarios" finished-at="2023-03-23T10:46:14 IST" duration-ms="25017" status="PASS">
          <params>
            <param index="0">
              <value>
                <![CDATA["testing checkbox"]]>
              </value>
            </param>
            <param index="1">
              <value>
                <![CDATA["testing rahul shetty's practice page"]]>
              </value>
            </param>
          </params>
          <reporter-output>
          </reporter-output>
        </test-method> <!-- runScenario -->
        <test-method is-config="true" signature="tearDownClass()[pri:0, instance:Runner.RshettyRunner@4f80542f]" started-at="2023-03-23T10:46:22 IST" name="tearDownClass" finished-at="2023-03-23T10:46:25 IST" duration-ms="2351" status="PASS">
          <reporter-output>
          </reporter-output>
        </test-method> <!-- tearDownClass -->
      </class> <!-- Runner.RshettyRunner -->
    </test> <!-- Default test -->
  </suite> <!-- Default suite -->
</testng-results>
