<?xml version="1.0" encoding="UTF-8"?>
<!-- Generated by org.testng.reporters.JUnitReportReporter -->
<testsuite hostname="DESKTOP-4CVSFD9" failures="0" tests="1" name="Runner.LumaRunner" time="16.857" errors="1" timestamp="2023-03-18T21:58:01 IST" skipped="0">
  <testcase classname="Runner.LumaRunner" name="runScenario" time="16.857">
    <error message="Cannot invoke &quot;org.openqa.selenium.WebDriver.getTitle()&quot; because &quot;this.driver&quot; is null" type="java.lang.NullPointerException">
      <![CDATA[java.lang.NullPointerException: Cannot invoke "org.openqa.selenium.WebDriver.getTitle()" because "this.driver" is null
at stepdefinition.LumaStepDefinition.user_navigate_to_url(LumaStepDefinition.java:24)
at ✽.user navigate to url "https://magento.softwaretestingboard.com/"(file:///C:/Users/Admin/eclipse-workspace/Selenium_Cumcumber/src/test/resources/Features/Luma.feature:5)
]]>
    </error>
  </testcase> <!-- runScenario -->
  <system-out/>
</testsuite> <!-- Runner.LumaRunner -->
