<?xml version="1.0" encoding="UTF-8"?>
<!-- Generated by org.testng.reporters.JUnitReportReporter -->
<testsuite hostname="DESKTOP-4CVSFD9" failures="0" tests="1" name="Runner.RunnerQRM" time="16.033" errors="1" timestamp="2023-03-29T22:00:34 IST" skipped="0">
  <testcase classname="Runner.RunnerQRM" name="runScenario" time="16.033">
    <error message="Cannot invoke &quot;org.openqa.selenium.WebDriver.findElement(org.openqa.selenium.By)&quot; because &quot;this.driver&quot; is null" type="java.lang.NullPointerException">
      <![CDATA[java.lang.NullPointerException: Cannot invoke "org.openqa.selenium.WebDriver.findElement(org.openqa.selenium.By)" because "this.driver" is null
at stepdefinition.QRMstepDefinition.user_enters_usernam_and_password_in_boxes(QRMstepDefinition.java:50)
at ✽.user enters usernam and password in boxes(file:///C:/Users/Admin/git/Selenium_Cucumber/src/test/resources/Features/QRM.feature:5)
]]>
    </error>
  </testcase> <!-- runScenario -->
  <system-out/>
</testsuite> <!-- Runner.RunnerQRM -->
